Profiling program matmult on core 0
================================================================================

Measuring performance for event group FLOPS_DP using the marker api...
with Threshold 128
Calculation took 1.97447 seconds
-------------------------------------------------------------
-------------------------------------------------------------
CPU type:	Intel Core SandyBridge processor 
CPU clock:	3.39 GHz 
Measuring group FLOPS_DP
-------------------------------------------------------------
./matmult Matrices/perfMatrices/2048x2048-1 Matrices/perfMatrices/2048x2048-2 C.out

=====================
Region: matmult 
=====================
+-------------------+---------+
|    Region Info    | core 0  |
+-------------------+---------+
| RDTSC Runtime [s] | 1.97451 |
|    call count     |    1    |
+-------------------+---------+
+--------------------------------------+-------------+
|                Event                 |   core 0    |
+--------------------------------------+-------------+
|          INSTR_RETIRED_ANY           | 8.60047e+09 |
|        CPU_CLK_UNHALTED_CORE         | 6.55647e+09 |
|         CPU_CLK_UNHALTED_REF         | 5.88423e+09 |
| FP_COMP_OPS_EXE_SSE_FP_PACKED_DOUBLE |      0      |
| FP_COMP_OPS_EXE_SSE_FP_SCALAR_DOUBLE | 2.5582e+08  |
|      SIMD_FP_256_PACKED_DOUBLE       | 3.13274e+09 |
+--------------------------------------+-------------+
+----------------------+----------+
|        Metric        |  core 0  |
+----------------------+----------+
| Runtime (RDTSC) [s]  | 1.97451  |
| Runtime unhalted [s] | 1.93273  |
|     Clock [MHz]      | 3779.89  |
|         CPI          | 0.762339 |
|       MFlops/s       | 129.561  |
|   32b AVX MFlops/s   | 6346.37  |
|    Packed MUOPS/s    | 1586.59  |
|    Scalar MUOPS/s    | 129.561  |
+----------------------+----------+
================================================================================

Measuring performance for event group L2 using the marker api...
with Threshold 128
Calculation took 1.98374 seconds
-------------------------------------------------------------
-------------------------------------------------------------
CPU type:	Intel Core SandyBridge processor 
CPU clock:	3.39 GHz 
Measuring group L2
-------------------------------------------------------------
./matmult Matrices/perfMatrices/2048x2048-1 Matrices/perfMatrices/2048x2048-2 C.out

=====================
Region: matmult 
=====================
+-------------------+---------+
|    Region Info    | core 0  |
+-------------------+---------+
| RDTSC Runtime [s] | 1.98376 |
|    call count     |    1    |
+-------------------+---------+
+-----------------------+-------------+
|         Event         |   core 0    |
+-----------------------+-------------+
|   INSTR_RETIRED_ANY   | 8.60047e+09 |
| CPU_CLK_UNHALTED_CORE | 6.55992e+09 |
| CPU_CLK_UNHALTED_REF  |  5.884e+09  |
|    L1D_REPLACEMENT    | 7.11309e+08 |
|      L1D_M_EVICT      | 7.05618e+07 |
+-----------------------+-------------+
+-------------------------+---------+
|         Metric          | core 0  |
+-------------------------+---------+
|   Runtime (RDTSC) [s]   | 1.98376 |
|  Runtime unhalted [s]   | 1.93374 |
|       Clock [MHz]       | 3782.05 |
|           CPI           | 0.76274 |
|   L2 Load [MBytes/s]    | 22948.3 |
|   L2 Evict [MBytes/s]   | 2276.47 |
| L2 bandwidth [MBytes/s] | 25224.8 |
| L2 data volume [GBytes] | 50.0398 |
+-------------------------+---------+
================================================================================

Measuring performance for event group L2CACHE using the marker api...
with Threshold 128
Calculation took 1.98044 seconds
-------------------------------------------------------------
-------------------------------------------------------------
CPU type:	Intel Core SandyBridge processor 
CPU clock:	3.39 GHz 
Measuring group L2CACHE
-------------------------------------------------------------
./matmult Matrices/perfMatrices/2048x2048-1 Matrices/perfMatrices/2048x2048-2 C.out

=====================
Region: matmult 
=====================
+-------------------+---------+
|    Region Info    | core 0  |
+-------------------+---------+
| RDTSC Runtime [s] | 1.98046 |
|    call count     |    1    |
+-------------------+---------+
+-----------------------+-------------+
|         Event         |   core 0    |
+-----------------------+-------------+
|   INSTR_RETIRED_ANY   | 8.60047e+09 |
| CPU_CLK_UNHALTED_CORE | 6.55996e+09 |
| CPU_CLK_UNHALTED_REF  | 5.87779e+09 |
| L2_TRANS_ALL_REQUESTS | 1.25308e+09 |
|     L2_RQSTS_MISS     | 1.00744e+08 |
+-----------------------+-------------+
+----------------------+-----------+
|        Metric        |  core 0   |
+----------------------+-----------+
| Runtime (RDTSC) [s]  |  1.98046  |
| Runtime unhalted [s] |  1.93375  |
|     Clock [MHz]      |  3786.07  |
|         CPI          | 0.762744  |
|   L2 request rate    | 0.145699  |
|     L2 miss rate     | 0.0117137 |
|    L2 miss ratio     | 0.0803967 |
+----------------------+-----------+
================================================================================

