Calculating 32x32
32  1.5e-05
Calculating 64x64
32  0.000301
Calculating 128x128
32  0.000747
Calculating 256x256
32  0.004906
Calculating 512x512
32  0.029697
Calculating 1024x1024
32  0.178415
Calculating 2048x2048
32  1.18487
Calculating 32x32
512  5.4e-05
Calculating 64x64
512  0.000559
Calculating 128x128
512  0.005156
Calculating 256x256
512  0.042969
Calculating 512x512
512  0.014507
Calculating 1024x1024
512  0.103035
Calculating 2048x2048
512  0.737166
Calculating 2048x2048
512  3.8059
Calculating 2048x2048
512  0.765872
Calculating 2048x2048
512  0.766217
Calculating 2048x2048
512  0.752994
